Unity Editor version:    2022.3.18f1 (d29bea25151d)
Branch:                  2022.3/release
Build type:              Release
Batch mode:              YES
macOS version:           Version 14.0 (Build 23A344)
Darwin version:          23.0.0
Architecture:            arm64
Running under Rosetta:   NO
Available memory:        8192 MB
Using pre-set license
Pro License: YES

COMMAND LINE ARGUMENTS:
/Applications/Unity/Hub/Editor/2022.3.18f1/Unity.app/Contents/MacOS/Unity
-adb2
-batchMode
-noUpm
-name
AssetImportWorker0
-projectPath
/Users/nicklasbourelius/Unity Learn /Create with code (Unit 3)/Unity3D-Globe
-logFile
Logs/AssetImportWorker0.log
-srvPort
49452
Successfully changed project path to: /Users/nicklasbourelius/Unity Learn /Create with code (Unit 3)/Unity3D-Globe
/Users/nicklasbourelius/Unity Learn /Create with code (Unit 3)/Unity3D-Globe
[UnityMemory] Configuration Parameters - Can be set up in boot.config
    "memorysetup-bucket-allocator-granularity=16"
    "memorysetup-bucket-allocator-bucket-count=8"
    "memorysetup-bucket-allocator-block-size=33554432"
    "memorysetup-bucket-allocator-block-count=8"
    "memorysetup-main-allocator-block-size=16777216"
    "memorysetup-thread-allocator-block-size=16777216"
    "memorysetup-gfx-main-allocator-block-size=16777216"
    "memorysetup-gfx-thread-allocator-block-size=16777216"
    "memorysetup-cache-allocator-block-size=4194304"
    "memorysetup-typetree-allocator-block-size=2097152"
    "memorysetup-profiler-bucket-allocator-granularity=16"
    "memorysetup-profiler-bucket-allocator-bucket-count=8"
    "memorysetup-profiler-bucket-allocator-block-size=33554432"
    "memorysetup-profiler-bucket-allocator-block-count=8"
    "memorysetup-profiler-allocator-block-size=16777216"
    "memorysetup-profiler-editor-allocator-block-size=1048576"
    "memorysetup-temp-allocator-size-main=16777216"
    "memorysetup-job-temp-allocator-block-size=2097152"
    "memorysetup-job-temp-allocator-block-size-background=1048576"
    "memorysetup-job-temp-allocator-reduction-small-platforms=262144"
    "memorysetup-allocator-temp-initial-block-size-main=262144"
    "memorysetup-allocator-temp-initial-block-size-worker=262144"
    "memorysetup-temp-allocator-size-background-worker=32768"
    "memorysetup-temp-allocator-size-job-worker=262144"
    "memorysetup-temp-allocator-size-preload-manager=33554432"
    "memorysetup-temp-allocator-size-nav-mesh-worker=65536"
    "memorysetup-temp-allocator-size-audio-worker=65536"
    "memorysetup-temp-allocator-size-cloud-worker=32768"
    "memorysetup-temp-allocator-size-gi-baking-worker=262144"
    "memorysetup-temp-allocator-size-gfx=262144"
Player connection [7963824896] Host "[IP] 192.168.0.41 [Port] 0 [Flags] 2 [Guid] 3679384962 [EditorId] 3679384962 [Version] 1048832 [Id] OSXEditor(0,Nicklass-MacBook-Pro.local) [Debug] 1 [PackageName] OSXEditor [ProjectName] Editor" joined multi-casting on [225.0.0.222:54997]...

Player connection [7963824896] Host "[IP] 192.168.0.41 [Port] 0 [Flags] 2 [Guid] 3679384962 [EditorId] 3679384962 [Version] 1048832 [Id] OSXEditor(0,Nicklass-MacBook-Pro.local) [Debug] 1 [PackageName] OSXEditor [ProjectName] Editor" joined alternative multi-casting on [225.0.0.222:34997]...

[Physics::Module] Initialized MultithreadedJobDispatcher with 7 workers.
Refreshing native plugins compatible for Editor in 4.63 ms, found 0 plugins.
Preloading 0 native plugins for Editor in 0.00 ms.
Initialize engine version: 2022.3.18f1 (d29bea25151d)
[Subsystems] Discovering subsystems at path /Applications/Unity/Hub/Editor/2022.3.18f1/Unity.app/Contents/Resources/UnitySubsystems
[Subsystems] Discovering subsystems at path /Users/nicklasbourelius/Unity Learn /Create with code (Unit 3)/Unity3D-Globe/Assets
GfxDevice: creating device client; threaded=0; jobified=0
 preferred device: Apple M1 (high power)
Metal devices available: 1
0: Apple M1 (high power)
Using device Apple M1 (high power)
Initializing Metal device caps: Apple M1
Shader 'TextMeshPro/Distance Field': fallback shader 'TextMeshPro/Mobile/Distance Field' not found
Shader 'TextMeshPro/Distance Field Overlay': fallback shader 'TextMeshPro/Mobile/Distance Field' not found
Initialize mono
Mono path[0] = '/Applications/Unity/Hub/Editor/2022.3.18f1/Unity.app/Contents/Managed'
Mono path[1] = '/Applications/Unity/Hub/Editor/2022.3.18f1/Unity.app/Contents/MonoBleedingEdge/lib/mono/unityjit-macos'
Mono config path = '/Applications/Unity/Hub/Editor/2022.3.18f1/Unity.app/Contents/MonoBleedingEdge/etc'
Using monoOptions --debugger-agent=transport=dt_socket,embedding=1,server=y,suspend=n,address=127.0.0.1:56169
Begin MonoManager ReloadAssembly
Registering precompiled unity dll's ...
Register platform support module: /Applications/Unity/Hub/Editor/2022.3.18f1/PlaybackEngines/WebGLSupport/UnityEditor.WebGL.Extensions.dll
Register platform support module: /Applications/Unity/Hub/Editor/2022.3.18f1/Unity.app/Contents/PlaybackEngines/MacStandaloneSupport/UnityEditor.OSXStandalone.Extensions.dll
Register platform support module: /Applications/Unity/Hub/Editor/2022.3.18f1/PlaybackEngines/AndroidPlayer/UnityEditor.Android.Extensions.dll
Registered in 0.006148 seconds.
- Loaded All Assemblies, in  0.421 seconds
Native extension for Android target not found
Android Extension - Scanning For ADB Devices 108 ms
Native extension for OSXStandalone target not found
Native extension for WebGL target not found
Mono: successfully reloaded assembly
- Finished resetting the current domain, in  0.481 seconds
Domain Reload Profiling: 902ms
	BeginReloadAssembly (117ms)
		ExecutionOrderSort (0ms)
		DisableScriptedObjects (0ms)
		BackupInstance (0ms)
		ReleaseScriptingObjects (0ms)
		CreateAndSetChildDomain (1ms)
	RebuildCommonClasses (41ms)
	RebuildNativeTypeToScriptingClass (16ms)
	initialDomainReloadingComplete (64ms)
	LoadAllAssembliesAndSetupDomain (184ms)
		LoadAssemblies (117ms)
		RebuildTransferFunctionScriptingTraits (0ms)
		AnalyzeDomain (181ms)
			TypeCache.Refresh (179ms)
				TypeCache.ScanAssembly (163ms)
			ScanForSourceGeneratedMonoScriptInfo (0ms)
			ResolveRequiredComponents (1ms)
	FinalizeReload (481ms)
		ReleaseScriptCaches (0ms)
		RebuildScriptCaches (0ms)
		SetupLoadedEditorAssemblies (416ms)
			LogAssemblyErrors (0ms)
			InitializePlatformSupportModulesInManaged (246ms)
			SetLoadedEditorAssemblies (5ms)
			RefreshPlugins (0ms)
			BeforeProcessingInitializeOnLoad (2ms)
			ProcessInitializeOnLoadAttributes (119ms)
			ProcessInitializeOnLoadMethodAttributes (45ms)
			AfterProcessingInitializeOnLoad (0ms)
			EditorAssembliesLoaded (0ms)
		ExecutionOrderSort2 (0ms)
		AwakeInstancesAfterBackupRestoration (0ms)
========================================================================
Worker process is ready to serve import requests
Begin MonoManager ReloadAssembly
Assembly 'Assets/TextMesh Pro/Plugins/Runtime DLL/TextMeshPro.dll' will not be loaded due to errors:
Unable to resolve reference 'UnityEngine.UI'. Is the assembly missing or incompatible with the current platform?
Reference validation can be disabled in the Plugin Inspector.
Assembly 'Assets/TextMesh Pro/Plugins/Editor/TextMeshPro-Editor.dll' will not be loaded due to errors:
Unable to resolve reference 'UnityEditor.UI'. Is the assembly missing or incompatible with the current platform?
Reference validation can be disabled in the Plugin Inspector.
Unable to resolve reference 'UnityEngine.UI'. Is the assembly missing or incompatible with the current platform?
Reference validation can be disabled in the Plugin Inspector.
- Loaded All Assemblies, in  0.374 seconds
Refreshing native plugins compatible for Editor in 0.69 ms, found 0 plugins.
Native extension for Android target not found
Native extension for OSXStandalone target not found
Native extension for WebGL target not found
Mono: successfully reloaded assembly
- Finished resetting the current domain, in  0.352 seconds
Domain Reload Profiling: 727ms
	BeginReloadAssembly (134ms)
		ExecutionOrderSort (0ms)
		DisableScriptedObjects (5ms)
		BackupInstance (0ms)
		ReleaseScriptingObjects (0ms)
		CreateAndSetChildDomain (33ms)
	RebuildCommonClasses (45ms)
	RebuildNativeTypeToScriptingClass (16ms)
	initialDomainReloadingComplete (49ms)
	LoadAllAssembliesAndSetupDomain (130ms)
		LoadAssemblies (173ms)
		RebuildTransferFunctionScriptingTraits (0ms)
		AnalyzeDomain (19ms)
			TypeCache.Refresh (18ms)
				TypeCache.ScanAssembly (8ms)
			ScanForSourceGeneratedMonoScriptInfo (0ms)
			ResolveRequiredComponents (0ms)
	FinalizeReload (352ms)
		ReleaseScriptCaches (0ms)
		RebuildScriptCaches (0ms)
		SetupLoadedEditorAssemblies (184ms)
			LogAssemblyErrors (0ms)
			InitializePlatformSupportModulesInManaged (20ms)
			SetLoadedEditorAssemblies (3ms)
			RefreshPlugins (0ms)
			BeforeProcessingInitializeOnLoad (20ms)
			ProcessInitializeOnLoadAttributes (123ms)
			ProcessInitializeOnLoadMethodAttributes (17ms)
			AfterProcessingInitializeOnLoad (1ms)
			EditorAssembliesLoaded (0ms)
		ExecutionOrderSort2 (0ms)
		AwakeInstancesAfterBackupRestoration (3ms)
Launching external process: /Applications/Unity/Hub/Editor/2022.3.18f1/Unity.app/Contents/Tools/UnityShaderCompiler
Launched and connected shader compiler UnityShaderCompiler after 0.07 seconds
Refreshing native plugins compatible for Editor in 0.52 ms, found 0 plugins.
Preloading 0 native plugins for Editor in 0.00 ms.
Unloading 62 Unused Serialized files (Serialized files now loaded: 0)
Unloading 13 unused Assets / (47.2 KB). Loaded Objects now: 528.
Memory consumption went from 63.7 MB to 63.6 MB.
Total: 2.460583 ms (FindLiveObjects: 0.030125 ms CreateObjectMapping: 0.004458 ms MarkObjects: 2.351792 ms  DeleteObjects: 0.073583 ms)

AssetImportParameters requested are different than current active one (requested -> active):
  custom:video-decoder-ogg-theora: a1e56fd34408186e4bbccfd4996cb3dc -> 
  custom:container-muxer-webm: aa71ff27fc2769a1b78a27578f13a17b -> 
  custom:container-demuxer-webm: 4f35f7cbe854078d1ac9338744f61a02 -> 
  custom:video-encoder-webm-vp8: eb34c28f22e8b96e1ab97ce403110664 -> 
  custom:framework-osx-AVFoundation: e770b220cccbd017edd2c1fefb359320 -> 
  custom:CustomObjectIndexerAttribute: 6d391050e5a25f67b0a2c618074f2cd9 -> 
  custom:audio-encoder-webm-vorbis: bf7c407c2cedff20999df2af8eb42d56 -> 
  custom:SearchIndexIgnoredProperties: e643bd26f0fe6173181afceb89e7c659 -> 
  custom:container-demuxer-ogg: 62fdf1f143b41e24485cea50d1cbac27 -> 
  custom:video-decoder-webm-vp8: 9c59270c3fd7afecdb556c50c9e8de78 -> 
  custom:audio-decoder-ogg-vorbis: bf7c407c2cedff20999df2af8eb42d56 -> 
  custom:AudioImporter_EditorPlatform: 3918e3fc78b5a79bad01e8451be0beb8 -> 
========================================================================
Received Import Request.
  Time since last request: 1354.848204 seconds.
  path: Assets/Unity3DGlobe/Scenes/population.unity
  artifactKey: Guid(4cc116b224f6c474b83822315acf3653) Importer(815301076,1909f56bfc062723c751e8b465ee728b)
Start importing Assets/Unity3DGlobe/Scenes/population.unity using Guid(4cc116b224f6c474b83822315acf3653) Importer(815301076,1909f56bfc062723c751e8b465ee728b)  -> (artifact id: '4950a52817fa4c0ada3185e1508cc79d') in 0.001382 seconds
Number of updated asset objects reloaded before import = 0
Number of asset objects unloaded after import = 0
========================================================================
Received Import Request.
  Time since last request: 117.697259 seconds.
  path: Assets/Unity3DGlobe/README.pdf
  artifactKey: Guid(25c81f8dd359ba449addb5d42ac965a0) Importer(2089858483,0ecaa5967403d082aa24f35e1b516d23)
Start importing Assets/Unity3DGlobe/README.pdf using Guid(25c81f8dd359ba449addb5d42ac965a0) Importer(2089858483,0ecaa5967403d082aa24f35e1b516d23)  -> (artifact id: '9ec48a17ddc6ab53d9301c7d6be597d6') in 0.060181 seconds
Number of updated asset objects reloaded before import = 0
Number of asset objects unloaded after import = 1
========================================================================
Received Import Request.
  Time since last request: 0.000271 seconds.
  path: Assets/TextMesh Pro/Examples/Scenes/25 - TextMeshPro Title.unity
  artifactKey: Guid(6f79a578d3180824b88dd9d4b12ddd74) Importer(2089858483,0ecaa5967403d082aa24f35e1b516d23)
Start importing Assets/TextMesh Pro/Examples/Scenes/25 - TextMeshPro Title.unity using Guid(6f79a578d3180824b88dd9d4b12ddd74) Importer(2089858483,0ecaa5967403d082aa24f35e1b516d23)  -> (artifact id: 'aa83158e45bf9c449ed838545d1c3105') in 0.004956 seconds
Number of updated asset objects reloaded before import = 0
Number of asset objects unloaded after import = 1
========================================================================
Received Import Request.
  Time since last request: 0.000168 seconds.
  path: Assets/TextMesh Pro/Examples/Scripts/CameraController.cs
  artifactKey: Guid(a9f0e07aefca0cc459134ff9df622278) Importer(2089858483,0ecaa5967403d082aa24f35e1b516d23)
Start importing Assets/TextMesh Pro/Examples/Scripts/CameraController.cs using Guid(a9f0e07aefca0cc459134ff9df622278) Importer(2089858483,0ecaa5967403d082aa24f35e1b516d23)  -> (artifact id: 'cd8e22605d25e34d8b4ef39a27a4745e') in 0.022697 seconds
Number of updated asset objects reloaded before import = 0
Number of asset objects unloaded after import = 1
========================================================================
Received Import Request.
  Time since last request: 0.000131 seconds.
  path: Assets/TextMesh Pro/Examples/Scenes/24 - Surface Shader Example.unity
  artifactKey: Guid(539d0f507da214449a0cf581327c6266) Importer(2089858483,0ecaa5967403d082aa24f35e1b516d23)
Start importing Assets/TextMesh Pro/Examples/Scenes/24 - Surface Shader Example.unity using Guid(539d0f507da214449a0cf581327c6266) Importer(2089858483,0ecaa5967403d082aa24f35e1b516d23)  -> (artifact id: '88bca0b49140c629c11f8df43b69f327') in 0.003973 seconds
Number of updated asset objects reloaded before import = 0
Number of asset objects unloaded after import = 1
========================================================================
Received Import Request.
  Time since last request: 0.000172 seconds.
  path: Assets/Unity3DGlobe/Animations/HigLight.anim
  artifactKey: Guid(c5885b125ffb2a74aba1c70df9c3045e) Importer(2089858483,0ecaa5967403d082aa24f35e1b516d23)
Start importing Assets/Unity3DGlobe/Animations/HigLight.anim using Guid(c5885b125ffb2a74aba1c70df9c3045e) Importer(2089858483,0ecaa5967403d082aa24f35e1b516d23)  -> (artifact id: '8ae7d476681cd2e371abcddbfd579342') in 0.012637 seconds
Number of updated asset objects reloaded before import = 0
Number of asset objects unloaded after import = 1
========================================================================
Received Import Request.
  Time since last request: 0.000155 seconds.
  path: Assets/TextMesh Pro/Examples/Scenes/14 - Multi Font & Sprites.unity
  artifactKey: Guid(5eeef2bdd71292c4ebcbc55afadc1384) Importer(2089858483,0ecaa5967403d082aa24f35e1b516d23)
Start importing Assets/TextMesh Pro/Examples/Scenes/14 - Multi Font & Sprites.unity using Guid(5eeef2bdd71292c4ebcbc55afadc1384) Importer(2089858483,0ecaa5967403d082aa24f35e1b516d23)  -> (artifact id: '69bdfc0a180d8485f4139b59ab1f66db') in 0.001542 seconds
Number of updated asset objects reloaded before import = 0
Number of asset objects unloaded after import = 1
========================================================================
Received Import Request.
  Time since last request: 0.000067 seconds.
  path: Assets/TextMesh Pro/Examples/Scripts/TMP_FrameRateCounter.cs
  artifactKey: Guid(c0357609254b68d4881cab18f04dd4dc) Importer(2089858483,0ecaa5967403d082aa24f35e1b516d23)
Start importing Assets/TextMesh Pro/Examples/Scripts/TMP_FrameRateCounter.cs using Guid(c0357609254b68d4881cab18f04dd4dc) Importer(2089858483,0ecaa5967403d082aa24f35e1b516d23)  -> (artifact id: 'bf973f79a73c7cc53c35f2ad7a021e3a') in 0.003043 seconds
Number of updated asset objects reloaded before import = 0
Number of asset objects unloaded after import = 1
========================================================================
Received Import Request.
  Time since last request: 0.000112 seconds.
  path: Assets/TextMesh Pro/Fonts/LiberationSans - OFL.txt
  artifactKey: Guid(bf996cd9d4bdfb5409bfd909f2ceeef3) Importer(2089858483,0ecaa5967403d082aa24f35e1b516d23)
Start importing Assets/TextMesh Pro/Fonts/LiberationSans - OFL.txt using Guid(bf996cd9d4bdfb5409bfd909f2ceeef3) Importer(2089858483,0ecaa5967403d082aa24f35e1b516d23)  -> (artifact id: '8e25e94fcad7097d8ffc9b4003970928') in 0.002032 seconds
Number of updated asset objects reloaded before import = 0
Number of asset objects unloaded after import = 1
========================================================================
Received Import Request.
  Time since last request: 0.000176 seconds.
  path: Assets/Unity3DGlobe/Animations/reset.anim
  artifactKey: Guid(0321e6e440fedb24e93327a1e6bec8d8) Importer(2089858483,0ecaa5967403d082aa24f35e1b516d23)
Start importing Assets/Unity3DGlobe/Animations/reset.anim using Guid(0321e6e440fedb24e93327a1e6bec8d8) Importer(2089858483,0ecaa5967403d082aa24f35e1b516d23)  -> (artifact id: '667e1e592b9ff50499d644a94af16d5b') in 0.004105 seconds
Number of updated asset objects reloaded before import = 0
Number of asset objects unloaded after import = 1
========================================================================
Received Import Request.
  Time since last request: 0.000108 seconds.
  path: Assets/TextMesh Pro/Examples/Scenes/11 - The Style Tag.unity
  artifactKey: Guid(07b985639af1cdd4eb4fe28b69659ff2) Importer(2089858483,0ecaa5967403d082aa24f35e1b516d23)
Start importing Assets/TextMesh Pro/Examples/Scenes/11 - The Style Tag.unity using Guid(07b985639af1cdd4eb4fe28b69659ff2) Importer(2089858483,0ecaa5967403d082aa24f35e1b516d23)  -> (artifact id: 'a14090a1124d166113760084093ee306') in 0.001566 seconds
Number of updated asset objects reloaded before import = 0
Number of asset objects unloaded after import = 1
========================================================================
Received Import Request.
  Time since last request: 0.000124 seconds.
  path: Assets/TextMesh Pro/Examples/Scenes/03 - Line Justification.unity
  artifactKey: Guid(7bf56efa887725b4fa8b74429e31a8a3) Importer(2089858483,0ecaa5967403d082aa24f35e1b516d23)
Start importing Assets/TextMesh Pro/Examples/Scenes/03 - Line Justification.unity using Guid(7bf56efa887725b4fa8b74429e31a8a3) Importer(2089858483,0ecaa5967403d082aa24f35e1b516d23)  -> (artifact id: 'e618ae35149a062cd24cb0de2d5b06c8') in 0.003229 seconds
Number of updated asset objects reloaded before import = 0
Number of asset objects unloaded after import = 1
========================================================================
Received Import Request.
  Time since last request: 0.000168 seconds.
  path: Assets/Unity3DGlobe/Prefabs/Point.prefab
  artifactKey: Guid(dff023814afa9c64e93e73923335bbcb) Importer(2089858483,0ecaa5967403d082aa24f35e1b516d23)
Start importing Assets/Unity3DGlobe/Prefabs/Point.prefab using Guid(dff023814afa9c64e93e73923335bbcb) Importer(2089858483,0ecaa5967403d082aa24f35e1b516d23)  -> (artifact id: '9818bfd269da7bc51f249a099c55c6ab') in 0.014555 seconds
Number of updated asset objects reloaded before import = 0
Number of asset objects unloaded after import = 7
========================================================================
Received Import Request.
  Time since last request: 0.000036 seconds.
  path: Assets/TextMesh Pro/Examples/Scripts/SkewTextExample.cs
  artifactKey: Guid(48d40dfeb33b717488f55ddbf676643a) Importer(2089858483,0ecaa5967403d082aa24f35e1b516d23)
Start importing Assets/TextMesh Pro/Examples/Scripts/SkewTextExample.cs using Guid(48d40dfeb33b717488f55ddbf676643a) Importer(2089858483,0ecaa5967403d082aa24f35e1b516d23)  -> (artifact id: 'a2ef34cd789a0006ad480b388a7f6974') in 0.002035 seconds
Number of updated asset objects reloaded before import = 0
Number of asset objects unloaded after import = 1
========================================================================
Received Import Request.
  Time since last request: 0.000329 seconds.
  path: Assets/TextMesh Pro/Examples/Prefabs/Text Popup.prefab
  artifactKey: Guid(c879e892866c8db4f8930b25672233ac) Importer(2089858483,0ecaa5967403d082aa24f35e1b516d23)
Start importing Assets/TextMesh Pro/Examples/Prefabs/Text Popup.prefab using Guid(c879e892866c8db4f8930b25672233ac) Importer(2089858483,0ecaa5967403d082aa24f35e1b516d23)  -> (artifact id: '2f3f2b6ceae61ae89a6822605489a5bb') in 0.008082 seconds
Number of updated asset objects reloaded before import = 0
Number of asset objects unloaded after import = 13
========================================================================
Received Import Request.
  Time since last request: 0.000101 seconds.
  path: Assets/TextMesh Pro/Fonts/Bangers - OFL.txt
  artifactKey: Guid(9073305b10a2b2e4597d7666df0364ce) Importer(2089858483,0ecaa5967403d082aa24f35e1b516d23)
Start importing Assets/TextMesh Pro/Fonts/Bangers - OFL.txt using Guid(9073305b10a2b2e4597d7666df0364ce) Importer(2089858483,0ecaa5967403d082aa24f35e1b516d23)  -> (artifact id: '8122080d4f65ccce8279d096e545feb5') in 0.002120 seconds
Number of updated asset objects reloaded before import = 0
Number of asset objects unloaded after import = 1
========================================================================
Received Import Request.
  Time since last request: 0.000132 seconds.
  path: Assets/TextMesh Pro/Examples/Scenes/05 - Style Tags.unity
  artifactKey: Guid(42192e98d5813474fbcefbcbd25585ec) Importer(2089858483,0ecaa5967403d082aa24f35e1b516d23)
Start importing Assets/TextMesh Pro/Examples/Scenes/05 - Style Tags.unity using Guid(42192e98d5813474fbcefbcbd25585ec) Importer(2089858483,0ecaa5967403d082aa24f35e1b516d23)  -> (artifact id: '31d906106a2d075e78d1b4b1dba715f1') in 0.003332 seconds
Number of updated asset objects reloaded before import = 0
Number of asset objects unloaded after import = 1
========================================================================
Received Import Request.
  Time since last request: 0.000128 seconds.
  path: Assets/TextMesh Pro/GUISkins/TMPro_DarkSkin.guiskin
  artifactKey: Guid(eea6ec55e77d406479dac17d76595b27) Importer(2089858483,0ecaa5967403d082aa24f35e1b516d23)
Start importing Assets/TextMesh Pro/GUISkins/TMPro_DarkSkin.guiskin using Guid(eea6ec55e77d406479dac17d76595b27) Importer(2089858483,0ecaa5967403d082aa24f35e1b516d23)  -> (artifact id: '9e08badce98978122144f68d7ef0f36b') in 0.115844 seconds
Number of updated asset objects reloaded before import = 0
Number of asset objects unloaded after import = 2
========================================================================
Received Import Request.
  Time since last request: 0.000091 seconds.
  path: Assets/TextMesh Pro/Examples/Scenes/17 - Old Computer Terminal.unity
  artifactKey: Guid(c562c9cafc0d1194fb882d7efd31452e) Importer(2089858483,0ecaa5967403d082aa24f35e1b516d23)
Start importing Assets/TextMesh Pro/Examples/Scenes/17 - Old Computer Terminal.unity using Guid(c562c9cafc0d1194fb882d7efd31452e) Importer(2089858483,0ecaa5967403d082aa24f35e1b516d23)  -> (artifact id: '218141cf9f9bb182154ffb8cead2b322') in 0.002564 seconds
Number of updated asset objects reloaded before import = 0
Number of asset objects unloaded after import = 1
========================================================================
Received Import Request.
  Time since last request: 0.000288 seconds.
  path: Assets/TextMesh Pro/Fonts/Oswald-Bold.ttf
  artifactKey: Guid(a30f933bed2f6504bae572c0ef6aaeb7) Importer(2089858483,0ecaa5967403d082aa24f35e1b516d23)
Start importing Assets/TextMesh Pro/Fonts/Oswald-Bold.ttf using Guid(a30f933bed2f6504bae572c0ef6aaeb7) Importer(2089858483,0ecaa5967403d082aa24f35e1b516d23)  -> (artifact id: '1eec72f61ecaab4845002a94c8b48681') in 0.038315 seconds
Number of updated asset objects reloaded before import = 0
Number of asset objects unloaded after import = 3
========================================================================
Received Import Request.
  Time since last request: 0.000067 seconds.
  path: Assets/TextMesh Pro/Examples/Scenes/08 - Improved Text Alignment.unity
  artifactKey: Guid(01132e11415a1174688bddb555096f6a) Importer(2089858483,0ecaa5967403d082aa24f35e1b516d23)
Start importing Assets/TextMesh Pro/Examples/Scenes/08 - Improved Text Alignment.unity using Guid(01132e11415a1174688bddb555096f6a) Importer(2089858483,0ecaa5967403d082aa24f35e1b516d23)  -> (artifact id: '701286b917a504e19fcde41e923d99ec') in 0.003493 seconds
Number of updated asset objects reloaded before import = 0
Number of asset objects unloaded after import = 1
========================================================================
Received Import Request.
  Time since last request: 0.000336 seconds.
  path: Assets/TextMesh Pro/Examples/Scenes/12 - Link Example.unity
  artifactKey: Guid(28d4fd6c41011984484236cbcfde0f99) Importer(2089858483,0ecaa5967403d082aa24f35e1b516d23)
Start importing Assets/TextMesh Pro/Examples/Scenes/12 - Link Example.unity using Guid(28d4fd6c41011984484236cbcfde0f99) Importer(2089858483,0ecaa5967403d082aa24f35e1b516d23)  -> (artifact id: 'a1a34bd1950fdc8eb04671aeab029f50') in 0.005265 seconds
Number of updated asset objects reloaded before import = 0
Number of asset objects unloaded after import = 1
========================================================================
Received Import Request.
  Time since last request: 0.000418 seconds.
  path: Assets/TextMesh Pro/Examples/Scripts/SimpleScript.cs
  artifactKey: Guid(c64808ff5137c9044a583750e5b0468a) Importer(2089858483,0ecaa5967403d082aa24f35e1b516d23)
Start importing Assets/TextMesh Pro/Examples/Scripts/SimpleScript.cs using Guid(c64808ff5137c9044a583750e5b0468a) Importer(2089858483,0ecaa5967403d082aa24f35e1b516d23)  -> (artifact id: 'fe26074db95c71258c4afe0ffb9de04a') in 0.003790 seconds
Number of updated asset objects reloaded before import = 0
Number of asset objects unloaded after import = 1
========================================================================
Received Import Request.
  Time since last request: 0.000192 seconds.
  path: Assets/TextMesh Pro/Fonts/LiberationSans.ttf
  artifactKey: Guid(02b8041c6ddcee3428810c7e7a438e0e) Importer(2089858483,0ecaa5967403d082aa24f35e1b516d23)
Start importing Assets/TextMesh Pro/Fonts/LiberationSans.ttf using Guid(02b8041c6ddcee3428810c7e7a438e0e) Importer(2089858483,0ecaa5967403d082aa24f35e1b516d23)  -> (artifact id: 'f51c0939dc77b4b5b98938d883e9dda4') in 0.014641 seconds
Number of updated asset objects reloaded before import = 0
Number of asset objects unloaded after import = 3
========================================================================
Received Import Request.
  Time since last request: 0.000265 seconds.
  path: Assets/TextMesh Pro/Gizmos/TMP - Dropdown Icon.psd
  artifactKey: Guid(55f8e7db943fe154ea3b3289fc82f8fa) Importer(2089858483,0ecaa5967403d082aa24f35e1b516d23)
Start importing Assets/TextMesh Pro/Gizmos/TMP - Dropdown Icon.psd using Guid(55f8e7db943fe154ea3b3289fc82f8fa) Importer(2089858483,0ecaa5967403d082aa24f35e1b516d23)  -> (artifact id: '6717f9ba18b5c35cbbe5f8e7f72af1c0') in 0.098822 seconds
Number of updated asset objects reloaded before import = 0
Number of asset objects unloaded after import = 1
========================================================================
Received Import Request.
  Time since last request: 0.003006 seconds.
  path: Assets/TextMesh Pro/Examples/Scripts/ChatController.cs
  artifactKey: Guid(eba5a4db2591a5844aea5f6f3ad8548e) Importer(2089858483,0ecaa5967403d082aa24f35e1b516d23)
Start importing Assets/TextMesh Pro/Examples/Scripts/ChatController.cs using Guid(eba5a4db2591a5844aea5f6f3ad8548e) Importer(2089858483,0ecaa5967403d082aa24f35e1b516d23)  -> (artifact id: '0452b2dfff5638c8199fc0d6541cb5d8') in 0.004962 seconds
Number of updated asset objects reloaded before import = 0
Number of asset objects unloaded after import = 1
========================================================================
Received Import Request.
  Time since last request: 0.006342 seconds.
  path: Assets/TextMesh Pro/Sprites/Default Sprite Asset.png
  artifactKey: Guid(5b32c2d36abe44540bed74c1f787033b) Importer(2089858483,0ecaa5967403d082aa24f35e1b516d23)
Start importing Assets/TextMesh Pro/Sprites/Default Sprite Asset.png using Guid(5b32c2d36abe44540bed74c1f787033b) Importer(2089858483,0ecaa5967403d082aa24f35e1b516d23)  -> (artifact id: '1de0b177da5ab9042aae499dcc0be5ba') in 0.089914 seconds
Number of updated asset objects reloaded before import = 0
Number of asset objects unloaded after import = 16
========================================================================
Received Import Request.
  Time since last request: 0.000141 seconds.
  path: Assets/TextMesh Pro/GUISkins/Textures/Box Area Light (LEFT).psd
  artifactKey: Guid(f4e0554a576a5f54c89e170019341d9d) Importer(2089858483,0ecaa5967403d082aa24f35e1b516d23)
Start importing Assets/TextMesh Pro/GUISkins/Textures/Box Area Light (LEFT).psd using Guid(f4e0554a576a5f54c89e170019341d9d) Importer(2089858483,0ecaa5967403d082aa24f35e1b516d23)  -> (artifact id: '628034f606031e54ff153c40bb8ef58a') in 0.027769 seconds
Number of updated asset objects reloaded before import = 0
Number of asset objects unloaded after import = 1
========================================================================
Received Import Request.
  Time since last request: 0.000184 seconds.
  path: Assets/TextMesh Pro/GUISkins/Textures/Box Area Medium.psd
  artifactKey: Guid(bac851ff4dce74a4db5d26d327d5b08f) Importer(2089858483,0ecaa5967403d082aa24f35e1b516d23)
Start importing Assets/TextMesh Pro/GUISkins/Textures/Box Area Medium.psd using Guid(bac851ff4dce74a4db5d26d327d5b08f) Importer(2089858483,0ecaa5967403d082aa24f35e1b516d23)  -> (artifact id: '2892654adac93a116a236a72e1e76e67') in 0.029974 seconds
Number of updated asset objects reloaded before import = 0
Number of asset objects unloaded after import = 1
========================================================================
Received Import Request.
  Time since last request: 0.000234 seconds.
  path: Assets/TextMesh Pro/Examples/Textures/Engraved Wall Normal.jpg
  artifactKey: Guid(1edd0950293e8664094053a041548c23) Importer(2089858483,0ecaa5967403d082aa24f35e1b516d23)
Start importing Assets/TextMesh Pro/Examples/Textures/Engraved Wall Normal.jpg using Guid(1edd0950293e8664094053a041548c23) Importer(2089858483,0ecaa5967403d082aa24f35e1b516d23)  -> (artifact id: 'e52c91ad5d4aed26de0f2c9244e9b4b2') in 0.023736 seconds
Number of updated asset objects reloaded before import = 0
Number of asset objects unloaded after import = 1
========================================================================
Received Import Request.
  Time since last request: 0.000154 seconds.
  path: Assets/TextMesh Pro/GUISkins/Textures/Box Area Dark (LEFT).psd
  artifactKey: Guid(9d98c183d7ac6cd428fd132cb4d58634) Importer(2089858483,0ecaa5967403d082aa24f35e1b516d23)
Start importing Assets/TextMesh Pro/GUISkins/Textures/Box Area Dark (LEFT).psd using Guid(9d98c183d7ac6cd428fd132cb4d58634) Importer(2089858483,0ecaa5967403d082aa24f35e1b516d23)  -> (artifact id: '9c3ebb340136bb2b50139759e9c7e1ad') in 0.020484 seconds
Number of updated asset objects reloaded before import = 0
Number of asset objects unloaded after import = 1
========================================================================
Received Import Request.
  Time since last request: 0.000233 seconds.
  path: Assets/TextMesh Pro/Examples/Textures/Wipe Pattern - Radial Quad.psd
  artifactKey: Guid(05ffd580f33f74644a6025ec196860af) Importer(2089858483,0ecaa5967403d082aa24f35e1b516d23)
Start importing Assets/TextMesh Pro/Examples/Textures/Wipe Pattern - Radial Quad.psd using Guid(05ffd580f33f74644a6025ec196860af) Importer(2089858483,0ecaa5967403d082aa24f35e1b516d23)  -> (artifact id: '878533b70e781b438243aeda193d96dc') in 0.018262 seconds
Number of updated asset objects reloaded before import = 0
Number of asset objects unloaded after import = 1
========================================================================
Received Import Request.
  Time since last request: 0.000219 seconds.
  path: Assets/TextMesh Pro/Examples/Scripts/VertexColorCycler.cs
  artifactKey: Guid(c8d54cdd5913d4e4bb7b655d7d16835b) Importer(2089858483,0ecaa5967403d082aa24f35e1b516d23)
Start importing Assets/TextMesh Pro/Examples/Scripts/VertexColorCycler.cs using Guid(c8d54cdd5913d4e4bb7b655d7d16835b) Importer(2089858483,0ecaa5967403d082aa24f35e1b516d23)  -> (artifact id: '8ce88089368438c9ca87b257ff8a4026') in 0.002742 seconds
Number of updated asset objects reloaded before import = 0
Number of asset objects unloaded after import = 1
========================================================================
Received Import Request.
  Time since last request: 0.000245 seconds.
  path: Assets/TextMesh Pro/Examples/Textures/Small Crate_normal.jpg
  artifactKey: Guid(81b50d9cb6f3104448ec54c00a80101a) Importer(2089858483,0ecaa5967403d082aa24f35e1b516d23)
Start importing Assets/TextMesh Pro/Examples/Textures/Small Crate_normal.jpg using Guid(81b50d9cb6f3104448ec54c00a80101a) Importer(2089858483,0ecaa5967403d082aa24f35e1b516d23)  -> (artifact id: '1ed1ca7f721e26a8c719e10f743d0516') in 0.018921 seconds
Number of updated asset objects reloaded before import = 0
Number of asset objects unloaded after import = 1
========================================================================
Received Import Request.
  Time since last request: 0.000292 seconds.
  path: Assets/TextMesh Pro/Examples/Scripts/VertexZoom.cs
  artifactKey: Guid(5305493000edc7d4ea4302757dc19a99) Importer(2089858483,0ecaa5967403d082aa24f35e1b516d23)
Start importing Assets/TextMesh Pro/Examples/Scripts/VertexZoom.cs using Guid(5305493000edc7d4ea4302757dc19a99) Importer(2089858483,0ecaa5967403d082aa24f35e1b516d23)  -> (artifact id: '53c01467260d2b3a960be3b69a9bd563') in 0.002713 seconds
Number of updated asset objects reloaded before import = 0
Number of asset objects unloaded after import = 1
========================================================================
Received Import Request.
  Time since last request: 0.000242 seconds.
  path: Assets/TextMesh Pro/Examples/Textures/Text Overflow - Linked Text UI Screenshot.png
  artifactKey: Guid(7983d2ec0427c114a916ae3c4769dc10) Importer(2089858483,0ecaa5967403d082aa24f35e1b516d23)
Start importing Assets/TextMesh Pro/Examples/Textures/Text Overflow - Linked Text UI Screenshot.png using Guid(7983d2ec0427c114a916ae3c4769dc10) Importer(2089858483,0ecaa5967403d082aa24f35e1b516d23)  -> (artifact id: '0053f3560b5977b32e96f870bdcb9306') in 0.020189 seconds
Number of updated asset objects reloaded before import = 0
Number of asset objects unloaded after import = 1
========================================================================
Received Import Request.
  Time since last request: 0.000111 seconds.
  path: Assets/TextMesh Pro/Examples/Textures/Text Overflow - Linked Text Image 1.png
  artifactKey: Guid(1fd8c568b1fcdbe43be65c1619cf3293) Importer(2089858483,0ecaa5967403d082aa24f35e1b516d23)
Start importing Assets/TextMesh Pro/Examples/Textures/Text Overflow - Linked Text Image 1.png using Guid(1fd8c568b1fcdbe43be65c1619cf3293) Importer(2089858483,0ecaa5967403d082aa24f35e1b516d23)  -> (artifact id: '194ebaa198de033a4f518080a3f6ac9e') in 0.020745 seconds
Number of updated asset objects reloaded before import = 0
Number of asset objects unloaded after import = 1
========================================================================
Received Import Request.
  Time since last request: 0.000109 seconds.
  path: Assets/TextMesh Pro/Examples/Scripts/TMP_TextInfoDebugTool.cs
  artifactKey: Guid(5eeee4467ee5b6a4884a1ec94812d93e) Importer(2089858483,0ecaa5967403d082aa24f35e1b516d23)
Start importing Assets/TextMesh Pro/Examples/Scripts/TMP_TextInfoDebugTool.cs using Guid(5eeee4467ee5b6a4884a1ec94812d93e) Importer(2089858483,0ecaa5967403d082aa24f35e1b516d23)  -> (artifact id: '723146ed69369b1deeb4aa9203ca3f3d') in 0.002997 seconds
Number of updated asset objects reloaded before import = 0
Number of asset objects unloaded after import = 1
========================================================================
Received Import Request.
  Time since last request: 0.000281 seconds.
  path: Assets/TextMesh Pro/Examples/Scripts/TextMeshProFloatingText.cs
  artifactKey: Guid(dd0e4b969aa70504382a89d2f208ae6c) Importer(2089858483,0ecaa5967403d082aa24f35e1b516d23)
Start importing Assets/TextMesh Pro/Examples/Scripts/TextMeshProFloatingText.cs using Guid(dd0e4b969aa70504382a89d2f208ae6c) Importer(2089858483,0ecaa5967403d082aa24f35e1b516d23)  -> (artifact id: '5dfeb652c359ca91fc3c3bac954c786a') in 0.003159 seconds
Number of updated asset objects reloaded before import = 0
Number of asset objects unloaded after import = 1
========================================================================
Received Import Request.
  Time since last request: 0.000326 seconds.
  path: Assets/TextMesh Pro/Examples/Textures/Engraved Wall.jpg
  artifactKey: Guid(93d6f74f2ef358e41989d4152b195f88) Importer(2089858483,0ecaa5967403d082aa24f35e1b516d23)
Start importing Assets/TextMesh Pro/Examples/Textures/Engraved Wall.jpg using Guid(93d6f74f2ef358e41989d4152b195f88) Importer(2089858483,0ecaa5967403d082aa24f35e1b516d23)  -> (artifact id: 'aa8a49ac38881ab5b50c6d1b7d58116d') in 0.018606 seconds
Number of updated asset objects reloaded before import = 0
Number of asset objects unloaded after import = 1
========================================================================
Received Import Request.
  Time since last request: 0.000317 seconds.
  path: Assets/TextMesh Pro/Examples/Textures/Floor Tiles 1 - normal.jpg
  artifactKey: Guid(e00d5a9a0944134448432ccacf221b95) Importer(2089858483,0ecaa5967403d082aa24f35e1b516d23)
Start importing Assets/TextMesh Pro/Examples/Textures/Floor Tiles 1 - normal.jpg using Guid(e00d5a9a0944134448432ccacf221b95) Importer(2089858483,0ecaa5967403d082aa24f35e1b516d23)  -> (artifact id: '62469bb0643fcffee2780efcc4e98f48') in 0.019647 seconds
Number of updated asset objects reloaded before import = 0
Number of asset objects unloaded after import = 1
========================================================================
Received Import Request.
  Time since last request: 0.000211 seconds.
  path: Assets/TextMesh Pro/GUISkins/Textures/Square Box Area (40 Grey).psd
  artifactKey: Guid(13464f658db7c594ea176875157bc3e7) Importer(2089858483,0ecaa5967403d082aa24f35e1b516d23)
Start importing Assets/TextMesh Pro/GUISkins/Textures/Square Box Area (40 Grey).psd using Guid(13464f658db7c594ea176875157bc3e7) Importer(2089858483,0ecaa5967403d082aa24f35e1b516d23)  -> (artifact id: '9ee7bf3a93db7bb6eb0601dd665b1483') in 0.021226 seconds
Number of updated asset objects reloaded before import = 0
Number of asset objects unloaded after import = 1
========================================================================
Received Import Request.
  Time since last request: 0.000155 seconds.
  path: Assets/TextMesh Pro/Examples/Scripts/TextMeshSpawner.cs
  artifactKey: Guid(385939aed18e82d41894437798c30ed8) Importer(2089858483,0ecaa5967403d082aa24f35e1b516d23)
Start importing Assets/TextMesh Pro/Examples/Scripts/TextMeshSpawner.cs using Guid(385939aed18e82d41894437798c30ed8) Importer(2089858483,0ecaa5967403d082aa24f35e1b516d23)  -> (artifact id: 'cafa8cd7413005cf2c91af8f926e22d3') in 0.003288 seconds
Number of updated asset objects reloaded before import = 0
Number of asset objects unloaded after import = 1
========================================================================
Received Import Request.
  Time since last request: 0.000244 seconds.
  path: Assets/TextMesh Pro/Examples/Materials/Ground - Surface Shader Scene.mat
  artifactKey: Guid(9ed9aa864ec2d7f4dad266b9534c6d85) Importer(2089858483,0ecaa5967403d082aa24f35e1b516d23)
Start importing Assets/TextMesh Pro/Examples/Materials/Ground - Surface Shader Scene.mat using Guid(9ed9aa864ec2d7f4dad266b9534c6d85) Importer(2089858483,0ecaa5967403d082aa24f35e1b516d23)  -> (artifact id: '6fd2ba85156aa4c33b2d70bf9d246c1d') in 0.114125 seconds
Number of updated asset objects reloaded before import = 0
Number of asset objects unloaded after import = 2
========================================================================
Received Import Request.
  Time since last request: 0.000097 seconds.
  path: Assets/TextMesh Pro/Examples/Textures/Sand Normal Map.jpg
  artifactKey: Guid(89e1b1c005d29cf4598ea861deb35a80) Importer(2089858483,0ecaa5967403d082aa24f35e1b516d23)
Start importing Assets/TextMesh Pro/Examples/Textures/Sand Normal Map.jpg using Guid(89e1b1c005d29cf4598ea861deb35a80) Importer(2089858483,0ecaa5967403d082aa24f35e1b516d23)  -> (artifact id: '28056e6d3a23ae6c62154fe5aa8c9176') in 0.023239 seconds
Number of updated asset objects reloaded before import = 0
Number of asset objects unloaded after import = 1
========================================================================
Received Import Request.
  Time since last request: 0.000226 seconds.
  path: Assets/Unity3DGlobe/Animations/Button.controller
  artifactKey: Guid(4468549ad94b20843b874135a70790d1) Importer(2089858483,0ecaa5967403d082aa24f35e1b516d23)
Start importing Assets/Unity3DGlobe/Animations/Button.controller using Guid(4468549ad94b20843b874135a70790d1) Importer(2089858483,0ecaa5967403d082aa24f35e1b516d23)  -> (artifact id: 'fe329214cf693968667111138c558cca') in 0.016708 seconds
Number of updated asset objects reloaded before import = 0
Number of asset objects unloaded after import = 14
========================================================================
Received Import Request.
  Time since last request: 0.000124 seconds.
  path: Assets/Unity3DGlobe/Shaders/UnlitVertexColor.shader
  artifactKey: Guid(679ece36bbd2f394a972af8f87249c37) Importer(2089858483,0ecaa5967403d082aa24f35e1b516d23)
Start importing Assets/Unity3DGlobe/Shaders/UnlitVertexColor.shader using Guid(679ece36bbd2f394a972af8f87249c37) Importer(2089858483,0ecaa5967403d082aa24f35e1b516d23)  -> (artifact id: '923be3adae0fd3539f84e30a2022c1b1') in 0.012298 seconds
Number of updated asset objects reloaded before import = 0
Number of asset objects unloaded after import = 1
========================================================================
Received Import Request.
  Time since last request: 0.000130 seconds.
  path: Assets/TextMesh Pro/Examples/Materials/Small Crate_diffuse.mat
  artifactKey: Guid(92f161029a6d3c54a92d9d283352a135) Importer(2089858483,0ecaa5967403d082aa24f35e1b516d23)
Start importing Assets/TextMesh Pro/Examples/Materials/Small Crate_diffuse.mat using Guid(92f161029a6d3c54a92d9d283352a135) Importer(2089858483,0ecaa5967403d082aa24f35e1b516d23)  -> (artifact id: 'c9e1b00f618ac3dd43b1d1079f7081b8') in 0.007626 seconds
Number of updated asset objects reloaded before import = 0
Number of asset objects unloaded after import = 3
========================================================================
Received Import Request.
  Time since last request: 0.000089 seconds.
  path: Assets/Unity3DGlobe/Resources/population.json
  artifactKey: Guid(77b97b6e5c9647246a11734c861c7778) Importer(2089858483,0ecaa5967403d082aa24f35e1b516d23)
Start importing Assets/Unity3DGlobe/Resources/population.json using Guid(77b97b6e5c9647246a11734c861c7778) Importer(2089858483,0ecaa5967403d082aa24f35e1b516d23)  -> (artifact id: 'b831941455912da3f4da3f8923ddb3b3') in 0.003295 seconds
Number of updated asset objects reloaded before import = 0
Number of asset objects unloaded after import = 1
========================================================================
Received Import Request.
  Time since last request: 0.000135 seconds.
  path: Assets/Unity3DGlobe/Scripts/DataLoader.cs
  artifactKey: Guid(621a30733a40ca74095d145d02e3f575) Importer(2089858483,0ecaa5967403d082aa24f35e1b516d23)
Start importing Assets/Unity3DGlobe/Scripts/DataLoader.cs using Guid(621a30733a40ca74095d145d02e3f575) Importer(2089858483,0ecaa5967403d082aa24f35e1b516d23)  -> (artifact id: '594d917c3fb78e434db07192d4562dfa') in 0.003351 seconds
Number of updated asset objects reloaded before import = 0
Number of asset objects unloaded after import = 1
========================================================================
Received Import Request.
  Time since last request: 0.000140 seconds.
  path: Assets/TextMesh Pro/Fonts/Anton.ttf
  artifactKey: Guid(323ac1ea6ff04144f9f5b613bfbc5597) Importer(2089858483,0ecaa5967403d082aa24f35e1b516d23)
Start importing Assets/TextMesh Pro/Fonts/Anton.ttf using Guid(323ac1ea6ff04144f9f5b613bfbc5597) Importer(2089858483,0ecaa5967403d082aa24f35e1b516d23)  -> (artifact id: 'd5343c0b006c058764f489b1ac345821') in 0.013141 seconds
Number of updated asset objects reloaded before import = 0
Number of asset objects unloaded after import = 3
========================================================================
Received Import Request.
  Time since last request: 0.000182 seconds.
  path: Assets/TextMesh Pro/Examples/Scripts/TMPro_InstructionOverlay.cs
  artifactKey: Guid(53b866620ba77504eaf52cab7dbd95c9) Importer(2089858483,0ecaa5967403d082aa24f35e1b516d23)
Start importing Assets/TextMesh Pro/Examples/Scripts/TMPro_InstructionOverlay.cs using Guid(53b866620ba77504eaf52cab7dbd95c9) Importer(2089858483,0ecaa5967403d082aa24f35e1b516d23)  -> (artifact id: '6d0ffa753a6cfb675ab3512102c06d7e') in 0.004313 seconds
Number of updated asset objects reloaded before import = 0
Number of asset objects unloaded after import = 1
========================================================================
Received Import Request.
  Time since last request: 0.000190 seconds.
  path: Assets/TextMesh Pro/Examples/Scenes/20 - Input Field with Scrollbar.unity
  artifactKey: Guid(a636e792fbdd88f49b793f4d32e6a989) Importer(2089858483,0ecaa5967403d082aa24f35e1b516d23)
Start importing Assets/TextMesh Pro/Examples/Scenes/20 - Input Field with Scrollbar.unity using Guid(a636e792fbdd88f49b793f4d32e6a989) Importer(2089858483,0ecaa5967403d082aa24f35e1b516d23)  -> (artifact id: '01c41bac8bb38d3c9835259548515931') in 0.002627 seconds
Number of updated asset objects reloaded before import = 0
Number of asset objects unloaded after import = 1
========================================================================
Received Import Request.
  Time since last request: 0.000148 seconds.
  path: Assets/TextMesh Pro/Examples/Scenes/15 - Inline Graphics & Sprites.unity
  artifactKey: Guid(07b17b490bcf70c49bbc7b17b498a69a) Importer(2089858483,0ecaa5967403d082aa24f35e1b516d23)
Start importing Assets/TextMesh Pro/Examples/Scenes/15 - Inline Graphics & Sprites.unity using Guid(07b17b490bcf70c49bbc7b17b498a69a) Importer(2089858483,0ecaa5967403d082aa24f35e1b516d23)  -> (artifact id: '416c1d4144dcce2be582c3c34687275e') in 0.003678 seconds
Number of updated asset objects reloaded before import = 0
Number of asset objects unloaded after import = 1
========================================================================
Received Import Request.
  Time since last request: 0.000124 seconds.
  path: Assets/TextMesh Pro/GUISkins/Textures/btn_AlignLeft.psd
  artifactKey: Guid(024077b7260a2f445b6372bcd1685add) Importer(2089858483,0ecaa5967403d082aa24f35e1b516d23)
Start importing Assets/TextMesh Pro/GUISkins/Textures/btn_AlignLeft.psd using Guid(024077b7260a2f445b6372bcd1685add) Importer(2089858483,0ecaa5967403d082aa24f35e1b516d23)  -> (artifact id: 'b871dbf8c37bc7ceadbfa63ceb3df852') in 0.019874 seconds
Number of updated asset objects reloaded before import = 0
Number of asset objects unloaded after import = 1
========================================================================
Received Import Request.
  Time since last request: 0.000266 seconds.
  path: Assets/TextMesh Pro/Resources/Sprite Assets/Default Sprite Asset.asset
  artifactKey: Guid(273ca6c80b4b5d746b5e548f532bffd8) Importer(2089858483,0ecaa5967403d082aa24f35e1b516d23)
Start importing Assets/TextMesh Pro/Resources/Sprite Assets/Default Sprite Asset.asset using Guid(273ca6c80b4b5d746b5e548f532bffd8) Importer(2089858483,0ecaa5967403d082aa24f35e1b516d23)  -> (artifact id: 'f0b50a3c3b746026e056a68877e8bb85') in 0.002693 seconds
Number of updated asset objects reloaded before import = 0
Number of asset objects unloaded after import = 1
========================================================================
Received Import Request.
  Time since last request: 0.000165 seconds.
  path: Assets/WebGLTemplates/FullScreenTemplate/TemplateData/favicon.ico
  artifactKey: Guid(f75f1ba5e8262c542a919a9b2fcbb614) Importer(2089858483,0ecaa5967403d082aa24f35e1b516d23)
Start importing Assets/WebGLTemplates/FullScreenTemplate/TemplateData/favicon.ico using Guid(f75f1ba5e8262c542a919a9b2fcbb614) Importer(2089858483,0ecaa5967403d082aa24f35e1b516d23)  -> (artifact id: '5d1dda275b7d701e7fab4033c7dbe183') in 0.003615 seconds
Number of updated asset objects reloaded before import = 0
Number of asset objects unloaded after import = 1
========================================================================
Received Import Request.
  Time since last request: 0.000217 seconds.
  path: Assets/TextMesh Pro/GUISkins/Textures/btn_AlignBaseLine_Light.psd
  artifactKey: Guid(cc28a6f137f87dc4d802e5a400158f8f) Importer(2089858483,0ecaa5967403d082aa24f35e1b516d23)
Start importing Assets/TextMesh Pro/GUISkins/Textures/btn_AlignBaseLine_Light.psd using Guid(cc28a6f137f87dc4d802e5a400158f8f) Importer(2089858483,0ecaa5967403d082aa24f35e1b516d23)  -> (artifact id: 'b703b173f390cc9059774685b877fe5e') in 0.019853 seconds
Number of updated asset objects reloaded before import = 0
Number of asset objects unloaded after import = 1
========================================================================
Received Import Request.
  Time since last request: 0.000264 seconds.
  path: Assets/TextMesh Pro/Plugins/32 Bit Plugins/TMPro_Plugin.dll
  artifactKey: Guid(9ddf8fc9040e92c48bfda9aef65aacf8) Importer(2089858483,0ecaa5967403d082aa24f35e1b516d23)
Start importing Assets/TextMesh Pro/Plugins/32 Bit Plugins/TMPro_Plugin.dll using Guid(9ddf8fc9040e92c48bfda9aef65aacf8) Importer(2089858483,0ecaa5967403d082aa24f35e1b516d23)  -> (artifact id: '7938a38c40fac09ddd6a2e9f08c3e1ba') in 0.009502 seconds
Number of updated asset objects reloaded before import = 0
Number of asset objects unloaded after import = 1
========================================================================
Received Import Request.
  Time since last request: 0.000221 seconds.
  path: Assets/TextMesh Pro/GUISkins/Textures/btn_AlignBottom_Light.psd
  artifactKey: Guid(2fe9d0d84ac5655408d862f04584e37d) Importer(2089858483,0ecaa5967403d082aa24f35e1b516d23)
Start importing Assets/TextMesh Pro/GUISkins/Textures/btn_AlignBottom_Light.psd using Guid(2fe9d0d84ac5655408d862f04584e37d) Importer(2089858483,0ecaa5967403d082aa24f35e1b516d23)  -> (artifact id: 'b14021c3ee704789036d0f2d4ef67a6b') in 0.020023 seconds
Number of updated asset objects reloaded before import = 0
Number of asset objects unloaded after import = 1
========================================================================
Received Import Request.
  Time since last request: 0.000169 seconds.
  path: Assets/TextMesh Pro/Resources/Shaders/TMP_SDF-Surface.shader
  artifactKey: Guid(8e6b9842dbb1a5a4887378afab854e63) Importer(2089858483,0ecaa5967403d082aa24f35e1b516d23)
Start importing Assets/TextMesh Pro/Resources/Shaders/TMP_SDF-Surface.shader using Guid(8e6b9842dbb1a5a4887378afab854e63) Importer(2089858483,0ecaa5967403d082aa24f35e1b516d23)  -> (artifact id: '84040e48388515d5b92ff14fb1d5fb5e') in 0.014320 seconds
Number of updated asset objects reloaded before import = 0
Number of asset objects unloaded after import = 1
========================================================================
Received Import Request.
  Time since last request: 0.000133 seconds.
  path: Assets/TextMesh Pro/Plugins/Runtime DLL/TextMeshPro.dll
  artifactKey: Guid(b5bd0d848a86e48409fe56688d66ecb5) Importer(2089858483,0ecaa5967403d082aa24f35e1b516d23)
Start importing Assets/TextMesh Pro/Plugins/Runtime DLL/TextMeshPro.dll using Guid(b5bd0d848a86e48409fe56688d66ecb5) Importer(2089858483,0ecaa5967403d082aa24f35e1b516d23)  -> (artifact id: 'c9ab252c7848025ddee342730ceaf856') in 0.007025 seconds
Number of updated asset objects reloaded before import = 0
Number of asset objects unloaded after import = 1
========================================================================
Received Import Request.
  Time since last request: 0.000197 seconds.
  path: Assets/TextMesh Pro/Plugins/64 Bit Plugins/TMPro_Plugin.dll
  artifactKey: Guid(343b74f75ac5f264b88992d380d434e2) Importer(2089858483,0ecaa5967403d082aa24f35e1b516d23)
Start importing Assets/TextMesh Pro/Plugins/64 Bit Plugins/TMPro_Plugin.dll using Guid(343b74f75ac5f264b88992d380d434e2) Importer(2089858483,0ecaa5967403d082aa24f35e1b516d23)  -> (artifact id: '37086a6fe2f2cab3f71f2ff8965fab74') in 0.005636 seconds
Number of updated asset objects reloaded before import = 0
Number of asset objects unloaded after import = 1
========================================================================
Received Import Request.
  Time since last request: 0.000186 seconds.
  path: Assets/TextMesh Pro/GUISkins/Textures/btn_AlignTop.psd
  artifactKey: Guid(6799783ddcbe7c34eb8746fb8d92ba5b) Importer(2089858483,0ecaa5967403d082aa24f35e1b516d23)
Start importing Assets/TextMesh Pro/GUISkins/Textures/btn_AlignTop.psd using Guid(6799783ddcbe7c34eb8746fb8d92ba5b) Importer(2089858483,0ecaa5967403d082aa24f35e1b516d23)  -> (artifact id: '2f7d813d81fd7d1981d70c422ab4ee39') in 0.020823 seconds
Number of updated asset objects reloaded before import = 0
Number of asset objects unloaded after import = 1
========================================================================
Received Import Request.
  Time since last request: 0.000239 seconds.
  path: Assets/TextMesh Pro/Resources/Shaders/TMP_SDF-Mobile Overlay.shader
  artifactKey: Guid(9ecb3fe313cb5f7478141eba4a2d54ed) Importer(2089858483,0ecaa5967403d082aa24f35e1b516d23)
Start importing Assets/TextMesh Pro/Resources/Shaders/TMP_SDF-Mobile Overlay.shader using Guid(9ecb3fe313cb5f7478141eba4a2d54ed) Importer(2089858483,0ecaa5967403d082aa24f35e1b516d23)  -> (artifact id: '7dd16388b5941739147a8566e5128dff') in 0.009127 seconds
Number of updated asset objects reloaded before import = 0
Number of asset objects unloaded after import = 1
========================================================================
Received Import Request.
  Time since last request: 0.000130 seconds.
  path: Assets/TextMesh Pro/Examples/Textures/Stainless 03.png
  artifactKey: Guid(40d7f27f614cc1043a1f7e19074f461c) Importer(2089858483,0ecaa5967403d082aa24f35e1b516d23)
Start importing Assets/TextMesh Pro/Examples/Textures/Stainless 03.png using Guid(40d7f27f614cc1043a1f7e19074f461c) Importer(2089858483,0ecaa5967403d082aa24f35e1b516d23)  -> (artifact id: '5808c3a6290dc3c7a308f9c9ffe04f75') in 0.021185 seconds
Number of updated asset objects reloaded before import = 0
Number of asset objects unloaded after import = 1
========================================================================
Received Import Request.
  Time since last request: 0.000195 seconds.
  path: Assets/TextMesh Pro/Examples/Textures/Mask Zig-n-Zag.psd
  artifactKey: Guid(04eb87e72b3c1c648ba47a869ee00505) Importer(2089858483,0ecaa5967403d082aa24f35e1b516d23)
Start importing Assets/TextMesh Pro/Examples/Textures/Mask Zig-n-Zag.psd using Guid(04eb87e72b3c1c648ba47a869ee00505) Importer(2089858483,0ecaa5967403d082aa24f35e1b516d23)  -> (artifact id: '2f96ca96d5fb670297a8d1e5d8a63e9a') in 0.021691 seconds
Number of updated asset objects reloaded before import = 0
Number of asset objects unloaded after import = 1
========================================================================
Received Import Request.
  Time since last request: 0.000215 seconds.
  path: Assets/TextMesh Pro/Resources/LineBreaking Leading Characters.txt
  artifactKey: Guid(8d713940fcbede142ae4a33ea0062b33) Importer(2089858483,0ecaa5967403d082aa24f35e1b516d23)
Start importing Assets/TextMesh Pro/Resources/LineBreaking Leading Characters.txt using Guid(8d713940fcbede142ae4a33ea0062b33) Importer(2089858483,0ecaa5967403d082aa24f35e1b516d23)  -> (artifact id: '402cddf701e907a3bda74c7823d86372') in 0.002954 seconds
Number of updated asset objects reloaded before import = 0
Number of asset objects unloaded after import = 1
========================================================================
Received Import Request.
  Time since last request: 0.000229 seconds.
  path: Assets/TextMesh Pro/Resources/Shaders/TMP_Bitmap.shader
  artifactKey: Guid(edfcf888cd11d9245b91d2883049a57e) Importer(2089858483,0ecaa5967403d082aa24f35e1b516d23)
Start importing Assets/TextMesh Pro/Resources/Shaders/TMP_Bitmap.shader using Guid(edfcf888cd11d9245b91d2883049a57e) Importer(2089858483,0ecaa5967403d082aa24f35e1b516d23)  -> (artifact id: '82cf892f5737e0edef09fca8246f98fb') in 0.006306 seconds
Number of updated asset objects reloaded before import = 0
Number of asset objects unloaded after import = 1
========================================================================
Received Import Request.
  Time since last request: 0.000228 seconds.
  path: Assets/TextMesh Pro/GUISkins/Textures/btn_AlignBaseLine.psd
  artifactKey: Guid(19bc332ef6249e54b80e461f96ae8e01) Importer(2089858483,0ecaa5967403d082aa24f35e1b516d23)
Start importing Assets/TextMesh Pro/GUISkins/Textures/btn_AlignBaseLine.psd using Guid(19bc332ef6249e54b80e461f96ae8e01) Importer(2089858483,0ecaa5967403d082aa24f35e1b516d23)  -> (artifact id: '37cb027d9d7ec15bd9a1e29d3f53e623') in 0.023371 seconds
Number of updated asset objects reloaded before import = 0
Number of asset objects unloaded after import = 1
========================================================================
Received Import Request.
  Time since last request: 0.000197 seconds.
  path: Assets/TextMesh Pro/Resources/LineBreaking Following Characters.txt
  artifactKey: Guid(312ba5b9e90627940866e19549a788cf) Importer(2089858483,0ecaa5967403d082aa24f35e1b516d23)
Start importing Assets/TextMesh Pro/Resources/LineBreaking Following Characters.txt using Guid(312ba5b9e90627940866e19549a788cf) Importer(2089858483,0ecaa5967403d082aa24f35e1b516d23)  -> (artifact id: '368b2d209397fc08390ce8d1241bf92b') in 0.004341 seconds
Number of updated asset objects reloaded before import = 0
Number of asset objects unloaded after import = 1
========================================================================
Received Import Request.
  Time since last request: 0.000245 seconds.
  path: Assets/TextMesh Pro/Examples/Scripts/VertexShakeB.cs
  artifactKey: Guid(32c83a5d3ba42b84aa26386eac47566b) Importer(2089858483,0ecaa5967403d082aa24f35e1b516d23)
Start importing Assets/TextMesh Pro/Examples/Scripts/VertexShakeB.cs using Guid(32c83a5d3ba42b84aa26386eac47566b) Importer(2089858483,0ecaa5967403d082aa24f35e1b516d23)  -> (artifact id: '2691b326984fe230b91815ef69e3d01c') in 0.002971 seconds
Number of updated asset objects reloaded before import = 0
Number of asset objects unloaded after import = 1
========================================================================
Received Import Request.
  Time since last request: 0.000257 seconds.
  path: Assets/TextMesh Pro/Examples/Scenes/19 - Masking Texture & Soft Mask.unity
  artifactKey: Guid(06df827754c8a79459bf0d83651f3a14) Importer(2089858483,0ecaa5967403d082aa24f35e1b516d23)
Start importing Assets/TextMesh Pro/Examples/Scenes/19 - Masking Texture & Soft Mask.unity using Guid(06df827754c8a79459bf0d83651f3a14) Importer(2089858483,0ecaa5967403d082aa24f35e1b516d23)  -> (artifact id: '4e0f91d23fc1b90adbdd92d2c8ced0df') in 0.002692 seconds
Number of updated asset objects reloaded before import = 0
Number of asset objects unloaded after import = 1
========================================================================
Received Import Request.
  Time since last request: 0.000122 seconds.
  path: Assets/TextMesh Pro/GUISkins/Textures/Square Box Area (85 Grey).psd
  artifactKey: Guid(c9d259bea4bc21140b426beca59bbfc2) Importer(2089858483,0ecaa5967403d082aa24f35e1b516d23)
Start importing Assets/TextMesh Pro/GUISkins/Textures/Square Box Area (85 Grey).psd using Guid(c9d259bea4bc21140b426beca59bbfc2) Importer(2089858483,0ecaa5967403d082aa24f35e1b516d23)  -> (artifact id: '3bc0934c5377eb0a80b58ce596191b70') in 0.021297 seconds
Number of updated asset objects reloaded before import = 0
Number of asset objects unloaded after import = 1
========================================================================
Received Import Request.
  Time since last request: 0.000297 seconds.
  path: Assets/TextMesh Pro/Examples/Resources/Fonts & Materials/Anton SDF - Drop Shadow.mat
  artifactKey: Guid(250a1a103b3b4914c9707e6a423446d6) Importer(2089858483,0ecaa5967403d082aa24f35e1b516d23)
Start importing Assets/TextMesh Pro/Examples/Resources/Fonts & Materials/Anton SDF - Drop Shadow.mat using Guid(250a1a103b3b4914c9707e6a423446d6) Importer(2089858483,0ecaa5967403d082aa24f35e1b516d23)  -> (artifact id: '3a375c805d6c8a5b12dd3125d330096c') in 0.018482 seconds
Number of updated asset objects reloaded before import = 0
Number of asset objects unloaded after import = 2
========================================================================
Received Import Request.
  Time since last request: 0.000225 seconds.
  path: Assets/TextMesh Pro/Examples/Scenes/04 - Word Wrapping.unity
  artifactKey: Guid(32ce6e1ebf7158b4183297c7c5df223f) Importer(2089858483,0ecaa5967403d082aa24f35e1b516d23)
Start importing Assets/TextMesh Pro/Examples/Scenes/04 - Word Wrapping.unity using Guid(32ce6e1ebf7158b4183297c7c5df223f) Importer(2089858483,0ecaa5967403d082aa24f35e1b516d23)  -> (artifact id: '71ae1e9bb1fa6223fd561c5b2d1f99be') in 0.003714 seconds
Number of updated asset objects reloaded before import = 0
Number of asset objects unloaded after import = 1
========================================================================
Received Import Request.
  Time since last request: 0.000246 seconds.
  path: Assets/TextMesh Pro/Plugins/Editor/TextMeshPro-Editor.dll
  artifactKey: Guid(c9131c575d2b6464b8d6e7dbd1a25e2a) Importer(2089858483,0ecaa5967403d082aa24f35e1b516d23)
Start importing Assets/TextMesh Pro/Plugins/Editor/TextMeshPro-Editor.dll using Guid(c9131c575d2b6464b8d6e7dbd1a25e2a) Importer(2089858483,0ecaa5967403d082aa24f35e1b516d23)  -> (artifact id: '6ac385793a5e8e1cb9a79743b9c8ba76') in 0.006188 seconds
Number of updated asset objects reloaded before import = 0
Number of asset objects unloaded after import = 1
========================================================================
Received Import Request.
  Time since last request: 0.000229 seconds.
  path: Assets/TextMesh Pro/GUISkins/Textures/btn_AlignFlush_Light.psd
  artifactKey: Guid(7b16e1706b970de41b91a5892bb105a1) Importer(2089858483,0ecaa5967403d082aa24f35e1b516d23)
Start importing Assets/TextMesh Pro/GUISkins/Textures/btn_AlignFlush_Light.psd using Guid(7b16e1706b970de41b91a5892bb105a1) Importer(2089858483,0ecaa5967403d082aa24f35e1b516d23)  -> (artifact id: '2a3b7109956896de07957f088dbf2d49') in 0.022032 seconds
Number of updated asset objects reloaded before import = 0
Number of asset objects unloaded after import = 1
========================================================================
Received Import Request.
  Time since last request: 0.000135 seconds.
  path: Assets/TextMesh Pro/GUISkins/Textures/btn_AlignBottom.psd
  artifactKey: Guid(3b46890fc6cb63b45833aa19597bc452) Importer(2089858483,0ecaa5967403d082aa24f35e1b516d23)
Start importing Assets/TextMesh Pro/GUISkins/Textures/btn_AlignBottom.psd using Guid(3b46890fc6cb63b45833aa19597bc452) Importer(2089858483,0ecaa5967403d082aa24f35e1b516d23)  -> (artifact id: 'bf3afbe12d714d04c65d0d66be97092e') in 0.022200 seconds
Number of updated asset objects reloaded before import = 0
Number of asset objects unloaded after import = 1
========================================================================
Received Import Request.
  Time since last request: 0.000178 seconds.
  path: Assets/TextMesh Pro/GUISkins/Textures/btn_AlignMiddle_Light.psd
  artifactKey: Guid(ae836952f2b1a6b45b8252012cae3bec) Importer(2089858483,0ecaa5967403d082aa24f35e1b516d23)
Start importing Assets/TextMesh Pro/GUISkins/Textures/btn_AlignMiddle_Light.psd using Guid(ae836952f2b1a6b45b8252012cae3bec) Importer(2089858483,0ecaa5967403d082aa24f35e1b516d23)  -> (artifact id: '7695c5ced97863447d0dbe3c7af8f493') in 0.020925 seconds
Number of updated asset objects reloaded before import = 0
Number of asset objects unloaded after import = 1
========================================================================
Received Import Request.
  Time since last request: 0.000278 seconds.
  path: Assets/TextMesh Pro/GUISkins/Textures/progress bar.psd
  artifactKey: Guid(fa68ae39f143d1543bd8ad9741acf77c) Importer(2089858483,0ecaa5967403d082aa24f35e1b516d23)
Start importing Assets/TextMesh Pro/GUISkins/Textures/progress bar.psd using Guid(fa68ae39f143d1543bd8ad9741acf77c) Importer(2089858483,0ecaa5967403d082aa24f35e1b516d23)  -> (artifact id: 'e37471ab59cbad44d398546abb0bd2bc') in 0.023612 seconds
Number of updated asset objects reloaded before import = 0
Number of asset objects unloaded after import = 1
========================================================================
Received Import Request.
  Time since last request: 0.000130 seconds.
  path: Assets/TextMesh Pro/Resources/Fonts & Materials/LiberationSans SDF.asset
  artifactKey: Guid(715b80e429c437e40867928a4e1fc975) Importer(2089858483,0ecaa5967403d082aa24f35e1b516d23)
Start importing Assets/TextMesh Pro/Resources/Fonts & Materials/LiberationSans SDF.asset using Guid(715b80e429c437e40867928a4e1fc975) Importer(2089858483,0ecaa5967403d082aa24f35e1b516d23)  -> (artifact id: 'fca6f63bf95d028b0cb64c96338ee86b') in 0.031891 seconds
Number of updated asset objects reloaded before import = 0
Number of asset objects unloaded after import = 1
========================================================================
Received Import Request.
  Time since last request: 0.000069 seconds.
  path: Assets/WebGLTemplates/FullScreenTemplate/TemplateData/spinner.gif
  artifactKey: Guid(8f5c3c643a198054e9e277e477ad245b) Importer(2089858483,0ecaa5967403d082aa24f35e1b516d23)
Start importing Assets/WebGLTemplates/FullScreenTemplate/TemplateData/spinner.gif using Guid(8f5c3c643a198054e9e277e477ad245b) Importer(2089858483,0ecaa5967403d082aa24f35e1b516d23)  -> (artifact id: '01b78a780e4c4257dfa8c59bcfc96ca9') in 0.002328 seconds
Number of updated asset objects reloaded before import = 0
Number of asset objects unloaded after import = 1
========================================================================
Received Import Request.
  Time since last request: 0.000178 seconds.
  path: Assets/TextMesh Pro/GUISkins/Textures/btn_AlignRight.psd
  artifactKey: Guid(632aa73d461cdb44ca55a530301eb5ba) Importer(2089858483,0ecaa5967403d082aa24f35e1b516d23)
Start importing Assets/TextMesh Pro/GUISkins/Textures/btn_AlignRight.psd using Guid(632aa73d461cdb44ca55a530301eb5ba) Importer(2089858483,0ecaa5967403d082aa24f35e1b516d23)  -> (artifact id: '2db3b400dffa245346b66aecfe0b8833') in 0.023692 seconds
Number of updated asset objects reloaded before import = 0
Number of asset objects unloaded after import = 1
========================================================================
Received Import Request.
  Time since last request: 0.000259 seconds.
  path: Assets/WebGLTemplates/FullScreenTemplate/TemplateData/logo.png
  artifactKey: Guid(5b8f4d55582eee24db2d24f6312e40ea) Importer(2089858483,0ecaa5967403d082aa24f35e1b516d23)
Start importing Assets/WebGLTemplates/FullScreenTemplate/TemplateData/logo.png using Guid(5b8f4d55582eee24db2d24f6312e40ea) Importer(2089858483,0ecaa5967403d082aa24f35e1b516d23)  -> (artifact id: '6066ba23097139ebb1b0a883c2ab9bb3') in 0.002779 seconds
Number of updated asset objects reloaded before import = 0
Number of asset objects unloaded after import = 1
========================================================================
Received Import Request.
  Time since last request: 0.000182 seconds.
  path: Assets/WebGLTemplates/FullScreenTemplate/TemplateData/UnityProgress.js
  artifactKey: Guid(7a4e51508ff17e84083c40275fa483fa) Importer(2089858483,0ecaa5967403d082aa24f35e1b516d23)
Start importing Assets/WebGLTemplates/FullScreenTemplate/TemplateData/UnityProgress.js using Guid(7a4e51508ff17e84083c40275fa483fa) Importer(2089858483,0ecaa5967403d082aa24f35e1b516d23)  -> (artifact id: 'af8bd207594f40de298c2593b61e6c1b') in 0.002314 seconds
Number of updated asset objects reloaded before import = 0
Number of asset objects unloaded after import = 1
========================================================================
Received Import Request.
  Time since last request: 0.000224 seconds.
  path: Assets/TextMesh Pro/GUISkins/Textures/btn_AlignCenter_Light.psd
  artifactKey: Guid(04829b908a2fb3341b435307c6a6df62) Importer(2089858483,0ecaa5967403d082aa24f35e1b516d23)
Start importing Assets/TextMesh Pro/GUISkins/Textures/btn_AlignCenter_Light.psd using Guid(04829b908a2fb3341b435307c6a6df62) Importer(2089858483,0ecaa5967403d082aa24f35e1b516d23)  -> (artifact id: 'ae3a2a725f3f75a1af2179cbf3886792') in 0.021545 seconds
Number of updated asset objects reloaded before import = 0
Number of asset objects unloaded after import = 1
========================================================================
Received Import Request.
  Time since last request: 0.000129 seconds.
  path: Assets/TextMesh Pro/Examples/Scripts/TMP_TextEventHandler.cs
  artifactKey: Guid(48a2fdbd95acd794caf78a85a0b6926a) Importer(2089858483,0ecaa5967403d082aa24f35e1b516d23)
Start importing Assets/TextMesh Pro/Examples/Scripts/TMP_TextEventHandler.cs using Guid(48a2fdbd95acd794caf78a85a0b6926a) Importer(2089858483,0ecaa5967403d082aa24f35e1b516d23)  -> (artifact id: '4087789e4aada0bc87f820192b3d8dca') in 0.003802 seconds
Number of updated asset objects reloaded before import = 0
Number of asset objects unloaded after import = 1
========================================================================
Received Import Request.
  Time since last request: 0.000225 seconds.
  path: Assets/WebGLTemplates/FullScreenTemplate/index.html
  artifactKey: Guid(7b3b12956d0d77e4ea6eb1eaa6dd9a43) Importer(2089858483,0ecaa5967403d082aa24f35e1b516d23)
Start importing Assets/WebGLTemplates/FullScreenTemplate/index.html using Guid(7b3b12956d0d77e4ea6eb1eaa6dd9a43) Importer(2089858483,0ecaa5967403d082aa24f35e1b516d23)  -> (artifact id: 'b4ed13d09900defb6d526d1bd5e79ecd') in 0.003799 seconds
Number of updated asset objects reloaded before import = 0
Number of asset objects unloaded after import = 1
========================================================================
Received Import Request.
  Time since last request: 0.000181 seconds.
  path: Assets/WebGLTemplates/FullScreenTemplate/TemplateData/progresslogo.png
  artifactKey: Guid(3e490e0df90b0ab4eb29552ba0f3a1e5) Importer(2089858483,0ecaa5967403d082aa24f35e1b516d23)
Start importing Assets/WebGLTemplates/FullScreenTemplate/TemplateData/progresslogo.png using Guid(3e490e0df90b0ab4eb29552ba0f3a1e5) Importer(2089858483,0ecaa5967403d082aa24f35e1b516d23)  -> (artifact id: 'ec5bcd9dad7fd8a688037106df738491') in 0.001997 seconds
Number of updated asset objects reloaded before import = 0
Number of asset objects unloaded after import = 1
========================================================================
Received Import Request.
  Time since last request: 0.000228 seconds.
  path: Assets/TextMesh Pro/Examples/Sprites/DropCap Numbers.psd
  artifactKey: Guid(28b41fef228d6814f90e541deaf9f262) Importer(2089858483,0ecaa5967403d082aa24f35e1b516d23)
Start importing Assets/TextMesh Pro/Examples/Sprites/DropCap Numbers.psd using Guid(28b41fef228d6814f90e541deaf9f262) Importer(2089858483,0ecaa5967403d082aa24f35e1b516d23)  -> (artifact id: 'd9469c263b4a9a43d747f06bdb465359') in 0.055424 seconds
Number of updated asset objects reloaded before import = 0
Number of asset objects unloaded after import = 12
========================================================================
Received Import Request.
  Time since last request: 0.000074 seconds.
  path: Assets/TextMesh Pro/Examples/Resources/Fonts & Materials/Electronic Highway Sign SDF.asset
  artifactKey: Guid(163292f6f226d954593d45b079f8aae0) Importer(2089858483,0ecaa5967403d082aa24f35e1b516d23)
Start importing Assets/TextMesh Pro/Examples/Resources/Fonts & Materials/Electronic Highway Sign SDF.asset using Guid(163292f6f226d954593d45b079f8aae0) Importer(2089858483,0ecaa5967403d082aa24f35e1b516d23)  -> (artifact id: 'e69c30a1863d287b777b370dea11347d') in 0.028699 seconds
Number of updated asset objects reloaded before import = 0
Number of asset objects unloaded after import = 1
========================================================================
Received Import Request.
  Time since last request: 0.000058 seconds.
  path: Assets/TextMesh Pro/Examples/Resources/Fonts & Materials/LiberationSans SDF - Outline.mat
  artifactKey: Guid(83a1b0fe6c3dbac44b66f09c82e1d509) Importer(2089858483,0ecaa5967403d082aa24f35e1b516d23)
Start importing Assets/TextMesh Pro/Examples/Resources/Fonts & Materials/LiberationSans SDF - Outline.mat using Guid(83a1b0fe6c3dbac44b66f09c82e1d509) Importer(2089858483,0ecaa5967403d082aa24f35e1b516d23)  -> (artifact id: '6f729d2609f6b5587bdf12dd4c17fb8d') in 0.038463 seconds
Number of updated asset objects reloaded before import = 0
Number of asset objects unloaded after import = 2
========================================================================
Received Import Request.
  Time since last request: 0.000059 seconds.
  path: Assets/TextMesh Pro/Examples/Resources/Fonts & Materials/Bangers SDF - Outline.mat
  artifactKey: Guid(db7f2cfbf23d6d54ca4e74a9abd55326) Importer(2089858483,0ecaa5967403d082aa24f35e1b516d23)
Start importing Assets/TextMesh Pro/Examples/Resources/Fonts & Materials/Bangers SDF - Outline.mat using Guid(db7f2cfbf23d6d54ca4e74a9abd55326) Importer(2089858483,0ecaa5967403d082aa24f35e1b516d23)  -> (artifact id: '2320756c30d185cf3692e9f020949131') in 0.030916 seconds
Number of updated asset objects reloaded before import = 0
Number of asset objects unloaded after import = 2
========================================================================
Received Import Request.
  Time since last request: 0.000137 seconds.
  path: Assets/TextMesh Pro/Examples/Resources/Fonts & Materials/Bangers SDF Glow.mat
  artifactKey: Guid(7dd7006c58d8a3148a73aa211d8c13d0) Importer(2089858483,0ecaa5967403d082aa24f35e1b516d23)
Start importing Assets/TextMesh Pro/Examples/Resources/Fonts & Materials/Bangers SDF Glow.mat using Guid(7dd7006c58d8a3148a73aa211d8c13d0) Importer(2089858483,0ecaa5967403d082aa24f35e1b516d23)  -> (artifact id: '3067a5d4c1fe7252089c0cd253adba8e') in 0.033492 seconds
Number of updated asset objects reloaded before import = 0
Number of asset objects unloaded after import = 3
========================================================================
Received Import Request.
  Time since last request: 0.000052 seconds.
  path: Assets/TextMesh Pro/Examples/Resources/Fonts & Materials/Bangers SDF Logo.mat
  artifactKey: Guid(4fb51aa7001a2244395ddf6a15d37389) Importer(2089858483,0ecaa5967403d082aa24f35e1b516d23)
Start importing Assets/TextMesh Pro/Examples/Resources/Fonts & Materials/Bangers SDF Logo.mat using Guid(4fb51aa7001a2244395ddf6a15d37389) Importer(2089858483,0ecaa5967403d082aa24f35e1b516d23)  -> (artifact id: '5ee26f74db9252e56b65e0c3fcae4d63') in 0.033362 seconds
Number of updated asset objects reloaded before import = 0
Number of asset objects unloaded after import = 5
========================================================================
Received Import Request.
  Time since last request: 0.000104 seconds.
  path: Assets/TextMesh Pro/Examples/Resources/Fonts & Materials/LiberationSans SDF - Soft Mask.mat
  artifactKey: Guid(74e06d99c1657fc4abd33f20685ea9ff) Importer(2089858483,0ecaa5967403d082aa24f35e1b516d23)
Start importing Assets/TextMesh Pro/Examples/Resources/Fonts & Materials/LiberationSans SDF - Soft Mask.mat using Guid(74e06d99c1657fc4abd33f20685ea9ff) Importer(2089858483,0ecaa5967403d082aa24f35e1b516d23)  -> (artifact id: '58b330195375598bce72404c9938cb54') in 0.032520 seconds
Number of updated asset objects reloaded before import = 0
Number of asset objects unloaded after import = 3
========================================================================
Received Import Request.
  Time since last request: 0.000091 seconds.
  path: Assets/TextMesh Pro/Examples/Resources/Sprite Assets/EmojiOne.asset
  artifactKey: Guid(9a952e2781ef26940ae089f1053ef4ef) Importer(2089858483,0ecaa5967403d082aa24f35e1b516d23)
Start importing Assets/TextMesh Pro/Examples/Resources/Sprite Assets/EmojiOne.asset using Guid(9a952e2781ef26940ae089f1053ef4ef) Importer(2089858483,0ecaa5967403d082aa24f35e1b516d23)  -> (artifact id: '2460d8e121865c3d6af233b54223f174') in 0.002507 seconds
Number of updated asset objects reloaded before import = 0
Number of asset objects unloaded after import = 1
========================================================================
Received Import Request.
  Time since last request: 0.000087 seconds.
  path: Assets/TextMesh Pro/Examples/Scenes/21 - Script Example.unity
  artifactKey: Guid(b5708e4e81d97474986c02eccf76fd7f) Importer(2089858483,0ecaa5967403d082aa24f35e1b516d23)
Start importing Assets/TextMesh Pro/Examples/Scenes/21 - Script Example.unity using Guid(b5708e4e81d97474986c02eccf76fd7f) Importer(2089858483,0ecaa5967403d082aa24f35e1b516d23)  -> (artifact id: '83fd21046daafe690003edbdba3f4cd7') in 0.003027 seconds
Number of updated asset objects reloaded before import = 0
Number of asset objects unloaded after import = 1
========================================================================
Received Import Request.
  Time since last request: 0.000148 seconds.
  path: Assets/Unity3DGlobe/Models/Point.obj
  artifactKey: Guid(b9fa245bd2f831842ab575eb47af69ef) Importer(2089858483,0ecaa5967403d082aa24f35e1b516d23)
Start importing Assets/Unity3DGlobe/Models/Point.obj using Guid(b9fa245bd2f831842ab575eb47af69ef) Importer(2089858483,0ecaa5967403d082aa24f35e1b516d23)  -> (artifact id: '6898a6762a59b1fd308b30eddd2dfdc0') in 0.032502 seconds
Number of updated asset objects reloaded before import = 0
Number of asset objects unloaded after import = 9
========================================================================
Received Import Request.
  Time since last request: 0.000106 seconds.
  path: Assets/TextMesh Pro/Resources/Shaders/TMP_SDF-Mobile Masking.shader
  artifactKey: Guid(afc255f7c2be52e41973a3d10a2e632d) Importer(2089858483,0ecaa5967403d082aa24f35e1b516d23)
Start importing Assets/TextMesh Pro/Resources/Shaders/TMP_SDF-Mobile Masking.shader using Guid(afc255f7c2be52e41973a3d10a2e632d) Importer(2089858483,0ecaa5967403d082aa24f35e1b516d23)  -> (artifact id: '1135e5dea46a07701a265b1e77e9ca31') in 0.007809 seconds
Number of updated asset objects reloaded before import = 0
Number of asset objects unloaded after import = 1
========================================================================
Received Import Request.
  Time since last request: 0.000128 seconds.
  path: Assets/TextMesh Pro/Examples/Textures/Gradient Horizontal (Color).jpg
  artifactKey: Guid(0bbb43aff4f7811419ffceb1b16cf3d6) Importer(2089858483,0ecaa5967403d082aa24f35e1b516d23)
Start importing Assets/TextMesh Pro/Examples/Textures/Gradient Horizontal (Color).jpg using Guid(0bbb43aff4f7811419ffceb1b16cf3d6) Importer(2089858483,0ecaa5967403d082aa24f35e1b516d23)  -> (artifact id: 'ff1711f346f12c474a243899a2d0c90e') in 0.017261 seconds
Number of updated asset objects reloaded before import = 0
Number of asset objects unloaded after import = 1
========================================================================
Received Import Request.
  Time since last request: 0.000096 seconds.
  path: Assets/TextMesh Pro/Examples/Scenes/Benchmark (Shader Perf).unity
  artifactKey: Guid(0674645919279ff4d8b9d57ec7b0787b) Importer(2089858483,0ecaa5967403d082aa24f35e1b516d23)
Start importing Assets/TextMesh Pro/Examples/Scenes/Benchmark (Shader Perf).unity using Guid(0674645919279ff4d8b9d57ec7b0787b) Importer(2089858483,0ecaa5967403d082aa24f35e1b516d23)  -> (artifact id: 'ea064ea4af3f0d65f538a4c58a2f1a91') in 0.004983 seconds
Number of updated asset objects reloaded before import = 0
Number of asset objects unloaded after import = 1
========================================================================
Received Import Request.
  Time since last request: 0.000211 seconds.
  path: Assets/TextMesh Pro/Examples/Scenes/Distance Field Shader Check.unity
  artifactKey: Guid(f9c75c323e4e0974f8169b500f85ef38) Importer(2089858483,0ecaa5967403d082aa24f35e1b516d23)
Start importing Assets/TextMesh Pro/Examples/Scenes/Distance Field Shader Check.unity using Guid(f9c75c323e4e0974f8169b500f85ef38) Importer(2089858483,0ecaa5967403d082aa24f35e1b516d23)  -> (artifact id: 'f613eca4008da67db3ab73a82fdcd47b') in 0.001907 seconds
Number of updated asset objects reloaded before import = 0
Number of asset objects unloaded after import = 1
========================================================================
Received Import Request.
  Time since last request: 0.000110 seconds.
  path: Assets/TextMesh Pro/GUISkins/Textures/btn_AlignMidLine.psd
  artifactKey: Guid(413b9be2291f7ad4fb6fa806b7898524) Importer(2089858483,0ecaa5967403d082aa24f35e1b516d23)
Start importing Assets/TextMesh Pro/GUISkins/Textures/btn_AlignMidLine.psd using Guid(413b9be2291f7ad4fb6fa806b7898524) Importer(2089858483,0ecaa5967403d082aa24f35e1b516d23)  -> (artifact id: '0045293e5625dbf0d243530f103eb70f') in 0.019326 seconds
Number of updated asset objects reloaded before import = 0
Number of asset objects unloaded after import = 1
========================================================================
Received Import Request.
  Time since last request: 0.000082 seconds.
  path: Assets/Unity3DGlobe/Models/Materials/defaultMat.mat
  artifactKey: Guid(a5b66b98b8a23c54d95bea747780e759) Importer(2089858483,0ecaa5967403d082aa24f35e1b516d23)
Start importing Assets/Unity3DGlobe/Models/Materials/defaultMat.mat using Guid(a5b66b98b8a23c54d95bea747780e759) Importer(2089858483,0ecaa5967403d082aa24f35e1b516d23)  -> (artifact id: '90143109e2866325f2135d044c2d5d40') in 0.006357 seconds
Number of updated asset objects reloaded before import = 0
Number of asset objects unloaded after import = 1
========================================================================
Received Import Request.
  Time since last request: 0.000164 seconds.
  path: Assets/TextMesh Pro/Color Gradients/Yellow to Orange - Vertical.asset
  artifactKey: Guid(e002cb2a36d9e4a439a062867fa24e1e) Importer(2089858483,0ecaa5967403d082aa24f35e1b516d23)
Start importing Assets/TextMesh Pro/Color Gradients/Yellow to Orange - Vertical.asset using Guid(e002cb2a36d9e4a439a062867fa24e1e) Importer(2089858483,0ecaa5967403d082aa24f35e1b516d23)  -> (artifact id: 'aa8d6225bdd1b7674accdc3d36d936af') in 0.002515 seconds
Number of updated asset objects reloaded before import = 0
Number of asset objects unloaded after import = 1
========================================================================
Received Import Request.
  Time since last request: 0.000210 seconds.
  path: Assets/TextMesh Pro/Gizmos/TextMeshPro Inline Graphics icon.psd
  artifactKey: Guid(05706b7e8626d0640963a40382e6358a) Importer(2089858483,0ecaa5967403d082aa24f35e1b516d23)
Start importing Assets/TextMesh Pro/Gizmos/TextMeshPro Inline Graphics icon.psd using Guid(05706b7e8626d0640963a40382e6358a) Importer(2089858483,0ecaa5967403d082aa24f35e1b516d23)  -> (artifact id: 'b0d3448ef60388d2cf1bb3f500e3eba6') in 0.019100 seconds
Number of updated asset objects reloaded before import = 0
Number of asset objects unloaded after import = 1
========================================================================
Received Import Request.
  Time since last request: 0.000222 seconds.
  path: Assets/TextMesh Pro/Plugins/vcomp120.dll
  artifactKey: Guid(7433f8891c5fe3945b3eaf0af1ef340f) Importer(2089858483,0ecaa5967403d082aa24f35e1b516d23)
Start importing Assets/TextMesh Pro/Plugins/vcomp120.dll using Guid(7433f8891c5fe3945b3eaf0af1ef340f) Importer(2089858483,0ecaa5967403d082aa24f35e1b516d23)  -> (artifact id: '8895c90c59136e53aa43f51c10f02281') in 0.005108 seconds
Number of updated asset objects reloaded before import = 0
Number of asset objects unloaded after import = 1
========================================================================
Received Import Request.
  Time since last request: 0.000147 seconds.
  path: Assets/TextMesh Pro/Examples/Resources/Sprite Assets/DropCap Numbers.asset
  artifactKey: Guid(c4fd2a959a50b584b92dedfefec1ffda) Importer(2089858483,0ecaa5967403d082aa24f35e1b516d23)
Start importing Assets/TextMesh Pro/Examples/Resources/Sprite Assets/DropCap Numbers.asset using Guid(c4fd2a959a50b584b92dedfefec1ffda) Importer(2089858483,0ecaa5967403d082aa24f35e1b516d23)  -> (artifact id: '5630e9e53bfb34da890d63936874d0b9') in 0.002619 seconds
Number of updated asset objects reloaded before import = 0
Number of asset objects unloaded after import = 1
========================================================================
Received Prepare
Shader 'Oculus/OVRMRCameraFrameLit': fallback shader 'Alpha-Diffuse' not found
Shader 'Scene/HighlightsAndShadows': fallback shader 'Off' not found
Shader 'Scene/HighlightsAndShadows': fallback shader 'Off' not found
Shader 'Oculus/OVRMRCameraFrameLit': fallback shader 'Alpha-Diffuse' not found
Refreshing native plugins compatible for Editor in 0.61 ms, found 0 plugins.
Preloading 0 native plugins for Editor in 0.00 ms.
Unloading 2076 Unused Serialized files (Serialized files now loaded: 0)
Unloading 59 unused Assets / (2.3 MB). Loaded Objects now: 2550.
Memory consumption went from 117.8 MB to 115.5 MB.
Total: 9.138875 ms (FindLiveObjects: 0.158583 ms CreateObjectMapping: 0.042750 ms MarkObjects: 7.840625 ms  DeleteObjects: 1.096292 ms)

Prepare: number of updated asset objects reloaded= 0
AssetImportParameters requested are different than current active one (requested -> active):
  custom:video-decoder-ogg-theora: a1e56fd34408186e4bbccfd4996cb3dc -> 
  custom:container-muxer-webm: aa71ff27fc2769a1b78a27578f13a17b -> 
  custom:container-demuxer-webm: 4f35f7cbe854078d1ac9338744f61a02 -> 
  custom:video-encoder-webm-vp8: eb34c28f22e8b96e1ab97ce403110664 -> 
  custom:framework-osx-AVFoundation: e770b220cccbd017edd2c1fefb359320 -> 
  custom:CustomObjectIndexerAttribute: 6d391050e5a25f67b0a2c618074f2cd9 -> 
  custom:audio-encoder-webm-vorbis: bf7c407c2cedff20999df2af8eb42d56 -> 
  custom:SearchIndexIgnoredProperties: e643bd26f0fe6173181afceb89e7c659 -> 
  custom:container-demuxer-ogg: 62fdf1f143b41e24485cea50d1cbac27 -> 
  custom:video-decoder-webm-vp8: 9c59270c3fd7afecdb556c50c9e8de78 -> 
  custom:audio-decoder-ogg-vorbis: bf7c407c2cedff20999df2af8eb42d56 -> 
  custom:AudioImporter_EditorPlatform: 3918e3fc78b5a79bad01e8451be0beb8 -> 
========================================================================
Received Prepare
Shader 'Oculus/OVRMRCameraFrameLit': fallback shader 'Alpha-Diffuse' not found
Shader 'Scene/HighlightsAndShadows': fallback shader 'Off' not found
Shader 'Oculus/OVRMRCameraFrameLit': fallback shader 'Alpha-Diffuse' not found
Shader 'Scene/HighlightsAndShadows': fallback shader 'Off' not found
Refreshing native plugins compatible for Editor in 0.54 ms, found 0 plugins.
Preloading 0 native plugins for Editor in 0.00 ms.
Unloading 58 Unused Serialized files (Serialized files now loaded: 0)
Unloading 59 unused Assets / (2.3 MB). Loaded Objects now: 2550.
Memory consumption went from 86.8 MB to 84.5 MB.
Total: 4.433708 ms (FindLiveObjects: 0.108917 ms CreateObjectMapping: 0.039833 ms MarkObjects: 3.309875 ms  DeleteObjects: 0.974459 ms)

Prepare: number of updated asset objects reloaded= 0
AssetImportParameters requested are different than current active one (requested -> active):
  custom:video-decoder-ogg-theora: a1e56fd34408186e4bbccfd4996cb3dc -> 
  custom:container-muxer-webm: aa71ff27fc2769a1b78a27578f13a17b -> 
  custom:container-demuxer-webm: 4f35f7cbe854078d1ac9338744f61a02 -> 
  custom:video-encoder-webm-vp8: eb34c28f22e8b96e1ab97ce403110664 -> 
  custom:framework-osx-AVFoundation: e770b220cccbd017edd2c1fefb359320 -> 
  custom:CustomObjectIndexerAttribute: 6d391050e5a25f67b0a2c618074f2cd9 -> 
  custom:audio-encoder-webm-vorbis: bf7c407c2cedff20999df2af8eb42d56 -> 
  custom:SearchIndexIgnoredProperties: e643bd26f0fe6173181afceb89e7c659 -> 
  custom:container-demuxer-ogg: 62fdf1f143b41e24485cea50d1cbac27 -> 
  custom:video-decoder-webm-vp8: 9c59270c3fd7afecdb556c50c9e8de78 -> 
  custom:audio-decoder-ogg-vorbis: bf7c407c2cedff20999df2af8eb42d56 -> 
  custom:AudioImporter_EditorPlatform: 3918e3fc78b5a79bad01e8451be0beb8 -> 
